\BOOKMARK [1][-]{section.1}{Design}{}% 1
\BOOKMARK [2][-]{subsection.1.1}{Minecraft}{section.1}% 2
\BOOKMARK [3][-]{subsubsection.1.1.1}{Data types}{subsection.1.1}% 3
\BOOKMARK [3][-]{subsubsection.1.1.2}{Metadata field}{subsection.1.1}% 4
\BOOKMARK [2][-]{subsection.1.2}{Design of Specus}{section.1}% 5
\BOOKMARK [3][-]{subsubsection.1.2.1}{Api and implementation}{subsection.1.2}% 6
\BOOKMARK [3][-]{subsubsection.1.2.2}{Server}{subsection.1.2}% 7
\BOOKMARK [3][-]{subsubsection.1.2.3}{Node}{subsection.1.2}% 8
\BOOKMARK [3][-]{subsubsection.1.2.4}{IO handling}{subsection.1.2}% 9
\BOOKMARK [2][-]{subsection.1.3}{Plugin system}{section.1}% 10
\BOOKMARK [3][-]{subsubsection.1.3.1}{General design}{subsection.1.3}% 11
\BOOKMARK [3][-]{subsubsection.1.3.2}{Implementation}{subsection.1.3}% 12
\BOOKMARK [3][-]{subsubsection.1.3.3}{Communication among plugins}{subsection.1.3}% 13
\BOOKMARK [3][-]{subsubsection.1.3.4}{Stats}{subsection.1.3}% 14
\BOOKMARK [3][-]{subsubsection.1.3.5}{Http frontend}{subsection.1.3}% 15
\BOOKMARK [3][-]{subsubsection.1.3.6}{Minecraft}{subsection.1.3}% 16
\BOOKMARK [2][-]{subsection.1.4}{IO}{section.1}% 17
\BOOKMARK [2][-]{subsection.1.5}{Tools and reasoning behind them}{section.1}% 18
\BOOKMARK [3][-]{subsubsection.1.5.1}{Redis}{subsection.1.5}% 19
\BOOKMARK [3][-]{subsubsection.1.5.2}{Netty}{subsection.1.5}% 20
\BOOKMARK [3][-]{subsubsection.1.5.3}{Specus Encoder}{subsection.1.5}% 21
\BOOKMARK [3][-]{subsubsection.1.5.4}{Specus Decoder}{subsection.1.5}% 22
\BOOKMARK [3][-]{subsubsection.1.5.5}{Specus Handler}{subsection.1.5}% 23
